<?xml version="1.0" encoding="UTF-8"?>
<testng-results skipped="0" failed="0" ignored="0" total="2" passed="2">
  <reporter-output>
  </reporter-output>
  <suite name="Default suite" duration-ms="2928" started-at="2022-02-24T15:23:01 CST" finished-at="2022-02-24T15:23:04 CST">
    <groups>
    </groups>
    <test name="Default test" duration-ms="2928" started-at="2022-02-24T15:23:01 CST" finished-at="2022-02-24T15:23:04 CST">
      <class name="testCases.Delete_A_Product">
        <test-method status="PASS" signature="Delete_a_product()[pri:0, instance:testCases.Delete_A_Product@51e2adc7]" name="Delete_a_product" duration-ms="2120" started-at="2022-02-24T15:23:01 CST" finished-at="2022-02-24T15:23:03 CST">
          <reporter-output>
          </reporter-output>
        </test-method> <!-- Delete_a_product -->
        <test-method status="PASS" signature="read_a_product()[pri:0, instance:testCases.Delete_A_Product@51e2adc7]" name="read_a_product" duration-ms="785" started-at="2022-02-24T15:23:03 CST" finished-at="2022-02-24T15:23:04 CST">
          <reporter-output>
          </reporter-output>
        </test-method> <!-- read_a_product -->
      </class> <!-- testCases.Delete_A_Product -->
    </test> <!-- Default test -->
  </suite> <!-- Default suite -->
</testng-results>
